#
# There is insufficient memory for the Java Runtime Environment to continue.
# Native memory allocation (mmap) failed to map 536870912 bytes for G1 virtual space
# Possible reasons:
#   The system is out of physical RAM or swap space
#   The process is running with CompressedOops enabled, and the Java Heap may be blocking the growth of the native heap
# Possible solutions:
#   Reduce memory load on the system
#   Increase physical memory or swap space
#   Check if swap backing store is full
#   Decrease Java heap size (-Xmx/-Xms)
#   Decrease number of Java threads
#   Decrease Java thread stack sizes (-Xss)
#   Set larger code cache with -XX:ReservedCodeCacheSize=
#   JVM is running with Zero Based Compressed Oops mode in which the Java heap is
#     placed in the first 32GB address space. The Java Heap base address is the
#     maximum limit for the native heap growth. Please use -XX:HeapBaseMinAddress
#     to set the Java Heap base and to place the Java Heap above 32GB virtual address.
# This output file may be truncated or incomplete.
#
#  Out of Memory Error (os_windows.cpp:3600), pid=22892, tid=19860
#
# JRE version:  (21.0.1+12) (build )
# Java VM: Java HotSpot(TM) 64-Bit Server VM (21.0.1+12-LTS-29, mixed mode, sharing, tiered, compressed oops, compressed class ptrs, g1 gc, windows-amd64)
# No core dump will be written. Minidumps are not enabled by default on client versions of Windows
#

---------------  S U M M A R Y ------------

Command Line: -javaagent:C:\Program Files\JetBrains\IntelliJ IDEA Community Edition 2023.3.1\lib\idea_rt.jar=52612:C:\Program Files\JetBrains\IntelliJ IDEA Community Edition 2023.3.1\bin -Dfile.encoding=UTF-8 -Dsun.stdout.encoding=UTF-8 -Dsun.stderr.encoding=UTF-8 lisen3.Mein

Host: 13th Gen Intel(R) Core(TM) i7-13700KF, 24 cores, 31G,  Windows 11 , 64 bit Build 22621 (10.0.22621.2506)
Time: Thu Jan  4 17:12:21 2024 RTZ 4 (s 11 , 64 bit Build 22621 (10.0.22621.2506) elapsed time: 0.006251 seconds (0d 0h 0m 0s)

---------------  T H R E A D  ---------------

Current thread (0x000001992dcebfc0):  JavaThread "Unknown thread" [_thread_in_vm, id=19860, stack(0x0000007854700000,0x0000007854800000) (1024K)]

Stack: [0x0000007854700000,0x0000007854800000]
Native frames: (J=compiled Java code, j=interpreted, Vv=VM code, C=native code)
V  [jvm.dll+0x6c9029]
V  [jvm.dll+0x854b81]
V  [jvm.dll+0x856e5e]
V  [jvm.dll+0x857543]
V  [jvm.dll+0x280c06]
V  [jvm.dll+0x6c5715]
V  [jvm.dll+0x6ba10a]
V  [jvm.dll+0x3557ea]
V  [jvm.dll+0x35d436]
V  [jvm.dll+0x3ae1be]
V  [jvm.dll+0x3ae468]
V  [jvm.dll+0x3291fc]
V  [jvm.dll+0x329d8b]
V  [jvm.dll+0x81d179]
V  [jvm.dll+0x3bb4f1]
V  [jvm.dll+0x805ae8]
V  [jvm.dll+0x44effe]
V  [jvm.dll+0x450901]
C  [jli.dll+0x52a3]
C  [ucrtbase.dll+0x29363]
C  [KERNEL32.DLL+0x1257d]
C  [ntdll.dll+0x5aa58]


---------------  P R O C E S S  ---------------

Threads class SMR info:
_java_thread_list=0x00007ffd7fa59b88, length=0, elements={
}

Java Threads: ( => current thread )
Total: 0

Other Threads:
  0x000001992dd98950 WorkerThread "GC Thread#0"                     [id=25788, stack(0x0000007854800000,0x0000007854900000) (1024K)]
  0x000001992dda99d0 ConcurrentGCThread "G1 Main Marker"            [id=16572, stack(0x0000007854900000,0x0000007854a00000) (1024K)]
  0x000001992ddaa4d0 WorkerThread "G1 Conc#0"                       [id=19636, stack(0x0000007854a00000,0x0000007854b00000) (1024K)]

[error occurred during error reporting (printing all threads), id 0xc0000005, EXCEPTION_ACCESS_VIOLATION (0xc0000005) at pc=0x00007ffd7f1cc2c7]
VM state: not at safepoint (not fully initialized)

VM Mutex/Monitor currently owned by a thread:  ([mutex/lock_event])
[0x00007ffd7faca6f8] Heap_lock - owner thread: 0x000001992dcebfc0

Heap address: 0x0000000603400000, size: 8140 MB, Compressed Oops mode: Zero based, Oop shift amount: 3

CDS archive(s) mapped at: [0x0000000000000000-0x0000000000000000-0x0000000000000000), size 0, SharedBaseAddress: 0x0000000800000000, ArchiveRelocationMode: 1.
Narrow klass base: 0x0000000000000000, Narrow klass shift: 0, Narrow klass range: 0x0

GC Precious Log:
 CardTable entry size: 512
 Card Set container configuration: InlinePtr #cards 4 size 8 Array Of Cards #cards 32 size 80 Howl #buckets 8 coarsen threshold 7372 Howl Bitmap #cards 1024 size 144 coarsen threshold 921 Card regions per heap region 1 cards per card region 8192

Heap:
 garbage-first heap   total 0K, used 0K [0x0000000603400000, 0x0000000800000000)
  region size 4096K, 0 young (0K), 0 survivors (0K)

[error occurred during error reporting (printing heap information), id 0xc0000005, EXCEPTION_ACCESS_VIOLATION (0xc0000005) at pc=0x00007ffd7f5b1be9]
GC Heap History (0 events):
No events

Dll operation events (1 events):
Event: 0.004 Loaded shared library C:\Program Files\Java\jdk-21\bin\java.dll

Deoptimization events (0 events):
No events

Classes loaded (0 events):
No events

Classes unloaded (0 events):
No events

Classes redefined (0 events):
No events

Internal exceptions (0 events):
No events

ZGC Phase Switch (0 events):
No events

VM Operations (0 events):
No events

Events (0 events):
No events


Dynamic libraries:
0x00007ff7453b0000 - 0x00007ff7453c0000 	C:\Program Files\Java\jdk-21\bin\java.exe
0x00007ffe26690000 - 0x00007ffe268a7000 	C:\Windows\SYSTEM32\ntdll.dll
0x00007ffe24bb0000 - 0x00007ffe24c74000 	C:\Windows\System32\KERNEL32.DLL
0x00007ffe23be0000 - 0x00007ffe23f86000 	C:\Windows\System32\KERNELBASE.dll
0x00007ffe23f90000 - 0x00007ffe240a1000 	C:\Windows\System32\ucrtbase.dll
0x00007ffdfa9f0000 - 0x00007ffdfaa09000 	C:\Program Files\Java\jdk-21\bin\jli.dll
0x00007ffdfd750000 - 0x00007ffdfd76b000 	C:\Program Files\Java\jdk-21\bin\VCRUNTIME140.dll
0x00007ffe25fd0000 - 0x00007ffe26081000 	C:\Windows\System32\ADVAPI32.dll
0x00007ffe25cd0000 - 0x00007ffe25d77000 	C:\Windows\System32\msvcrt.dll
0x00007ffe261a0000 - 0x00007ffe26245000 	C:\Windows\System32\sechost.dll
0x00007ffe24a30000 - 0x00007ffe24b47000 	C:\Windows\System32\RPCRT4.dll
0x00007ffe24400000 - 0x00007ffe245ae000 	C:\Windows\System32\USER32.dll
0x00007ffe24210000 - 0x00007ffe24236000 	C:\Windows\System32\win32u.dll
0x00007ffe245b0000 - 0x00007ffe245d9000 	C:\Windows\System32\GDI32.dll
0x00007ffe242c0000 - 0x00007ffe243d8000 	C:\Windows\System32\gdi32full.dll
0x00007ffe13320000 - 0x00007ffe135b3000 	C:\Windows\WinSxS\amd64_microsoft.windows.common-controls_6595b64144ccf1df_6.0.22621.2506_none_270c5ae97388e100\COMCTL32.dll
0x00007ffe24170000 - 0x00007ffe2420a000 	C:\Windows\System32\msvcp_win.dll
0x00007ffe1a260000 - 0x00007ffe1a26a000 	C:\Windows\SYSTEM32\VERSION.dll
0x00007ffe26160000 - 0x00007ffe26191000 	C:\Windows\System32\IMM32.DLL
0x00007ffe10d70000 - 0x00007ffe10d7c000 	C:\Program Files\Java\jdk-21\bin\vcruntime140_1.dll
0x00007ffdc6c70000 - 0x00007ffdc6cfe000 	C:\Program Files\Java\jdk-21\bin\msvcp140.dll
0x00007ffd7ee90000 - 0x00007ffd7fba5000 	C:\Program Files\Java\jdk-21\bin\server\jvm.dll
0x00007ffe25b00000 - 0x00007ffe25b71000 	C:\Windows\System32\WS2_32.dll
0x00007ffe238d0000 - 0x00007ffe2391d000 	C:\Windows\SYSTEM32\POWRPROF.dll
0x00007ffe102f0000 - 0x00007ffe10324000 	C:\Windows\SYSTEM32\WINMM.dll
0x00007ffe238b0000 - 0x00007ffe238c3000 	C:\Windows\SYSTEM32\UMPDC.dll
0x00007ffe229a0000 - 0x00007ffe229b8000 	C:\Windows\SYSTEM32\kernel.appcore.dll
0x00007ffe10780000 - 0x00007ffe1078a000 	C:\Program Files\Java\jdk-21\bin\jimage.dll
0x00007ffe0dd60000 - 0x00007ffe0df93000 	C:\Windows\SYSTEM32\DBGHELP.DLL
0x00007ffe262c0000 - 0x00007ffe26649000 	C:\Windows\System32\combase.dll
0x00007ffe25990000 - 0x00007ffe25a67000 	C:\Windows\System32\OLEAUT32.dll
0x00007ffe15740000 - 0x00007ffe15772000 	C:\Windows\SYSTEM32\dbgcore.DLL
0x00007ffe24240000 - 0x00007ffe242ba000 	C:\Windows\System32\bcryptPrimitives.dll
0x00007ffe05740000 - 0x00007ffe0574f000 	C:\Program Files\Java\jdk-21\bin\instrument.dll
0x00007ffdf9210000 - 0x00007ffdf922f000 	C:\Program Files\Java\jdk-21\bin\java.dll

dbghelp: loaded successfully - version: 4.0.5 - missing functions: none
symbol engine: initialized successfully - sym options: 0x614 - pdb path: .;C:\Program Files\Java\jdk-21\bin;C:\Windows\SYSTEM32;C:\Windows\WinSxS\amd64_microsoft.windows.common-controls_6595b64144ccf1df_6.0.22621.2506_none_270c5ae97388e100;C:\Program Files\Java\jdk-21\bin\server

VM Arguments:
jvm_args: -javaagent:C:\Program Files\JetBrains\IntelliJ IDEA Community Edition 2023.3.1\lib\idea_rt.jar=52612:C:\Program Files\JetBrains\IntelliJ IDEA Community Edition 2023.3.1\bin -Dfile.encoding=UTF-8 -Dsun.stdout.encoding=UTF-8 -Dsun.stderr.encoding=UTF-8 
java_command: lisen3.Mein
java_class_path (initial): C:\Users\Admin\IdeaProjects\Project6\out\production\Project6
Launcher Type: SUN_STANDARD

[Global flags]
     intx CICompilerCount                          = 12                                        {product} {ergonomic}
     uint ConcGCThreads                            = 5                                         {product} {ergonomic}
     uint G1ConcRefinementThreads                  = 18                                        {product} {ergonomic}
   size_t G1HeapRegionSize                         = 4194304                                   {product} {ergonomic}
    uintx GCDrainStackTargetSize                   = 64                                        {product} {ergonomic}
   size_t InitialHeapSize                          = 536870912                                 {product} {ergonomic}
   size_t MarkStackSize                            = 4194304                                   {product} {ergonomic}
   size_t MaxHeapSize                              = 8535408640                                {product} {ergonomic}
   size_t MinHeapDeltaBytes                        = 4194304                                   {product} {ergonomic}
   size_t MinHeapSize                              = 8388608                                   {product} {ergonomic}
    uintx NonNMethodCodeHeapSize                   = 7602480                                {pd product} {ergonomic}
    uintx NonProfiledCodeHeapSize                  = 122027880                              {pd product} {ergonomic}
    uintx ProfiledCodeHeapSize                     = 122027880                              {pd product} {ergonomic}
    uintx ReservedCodeCacheSize                    = 251658240                              {pd product} {ergonomic}
     bool SegmentedCodeCache                       = true                                      {product} {ergonomic}
   size_t SoftMaxHeapSize                          = 8535408640                             {manageable} {ergonomic}
     bool UseCompressedOops                        = true                           {product lp64_product} {ergonomic}
     bool UseG1GC                                  = true                                      {product} {ergonomic}
     bool UseLargePagesIndividualAllocation        = false                                  {pd product} {ergonomic}

Logging:
Log output configuration:
 #0: stdout all=warning uptime,level,tags foldmultilines=false
 #1: stderr all=off uptime,level,tags foldmultilines=false

Environment Variables:
PATH=C:\Program Files\Common Files\Oracle\Java\javapath;C:\Windows\system32;C:\Windows;C:\Windows\System32\Wbem;C:\Windows\System32\WindowsPowerShell\v1.0\;C:\Windows\System32\OpenSSH\;C:\Program Files\NVIDIA Corporation\NVIDIA NvDLISR;C:\Program Files (x86)\NVIDIA Corporation\PhysX\Common;C:\Program Files\dotnet\;C:\Program Files\Git\cmd;C:\Users\Admin\AppData\Local\Microsoft\WindowsApps;;C:\Program Files\JetBrains\IntelliJ IDEA Community Edition 2023.3.1\bin;
USERNAME=Admin
OS=Windows_NT
PROCESSOR_IDENTIFIER=Intel64 Family 6 Model 183 Stepping 1, GenuineIntel
TMP=C:\Users\Admin\AppData\Local\Temp
TEMP=C:\Users\Admin\AppData\Local\Temp




Periodic native trim disabled

---------------  S Y S T E M  ---------------

OS:
 Windows 11 , 64 bit Build 22621 (10.0.22621.2506)
OS uptime: 3 days 16:41 hours
Hyper-V role detected

CPU: total 24 (initial active 24) (12 cores per cpu, 2 threads per core) family 6 model 183 stepping 1 microcode 0x10e, cx8, cmov, fxsr, ht, mmx, 3dnowpref, sse, sse2, sse3, ssse3, sse4.1, sse4.2, popcnt, lzcnt, tsc, tscinvbit, avx, avx2, aes, erms, clmul, bmi1, bmi2, adx, sha, fma, vzeroupper, clflush, clflushopt, clwb, hv, serialize, rdtscp, rdpid, fsrm, f16c, cet_ibt, cet_ss
Processor Information for all 24 processors :
  Max Mhz: 3400, Current Mhz: 3400, Mhz Limit: 3400

Memory: 4k page, system-wide physical 32547M (17183M free)
TotalPageFile size 130851M (AvailPageFile size 348M)
current process WorkingSet (physical memory assigned to process): 12M, peak: 12M
current process commit charge ("private bytes"): 81M, peak: 593M

vm_info: Java HotSpot(TM) 64-Bit Server VM (21.0.1+12-LTS-29) for windows-amd64 JRE (21.0.1+12-LTS-29), built on 2023-10-05T13:27:09Z by "mach5one" with MS VC++ 17.1 (VS2022)

END.
